0 info it worked if it ends with ok
1 verbose cli [ 'C:\\Program Files\\nodejs\\\\node.exe',
1 verbose cli   'C:\\Program Files\\nodejs\\node_modules\\npm\\bin\\npm-cli.js',
1 verbose cli   'install',
1 verbose cli   'jekyll',
1 verbose cli   '-g' ]
2 info using npm@2.11.3
3 info using node@v0.12.7
4 verbose install initial load of C:\Users\Nikita\AppData\Roaming\npm\package.json
5 verbose readDependencies loading dependencies from C:\Users\Nikita\AppData\Roaming\npm\package.json
6 silly cache add args [ 'jekyll', null ]
7 verbose cache add spec jekyll
8 silly cache add parsed spec { raw: 'jekyll',
8 silly cache add   scope: null,
8 silly cache add   name: 'jekyll',
8 silly cache add   rawSpec: '',
8 silly cache add   spec: '*',
8 silly cache add   type: 'range' }
9 silly addNamed jekyll@*
10 verbose addNamed "*" is a valid semver range for jekyll
11 silly addNameRange { name: 'jekyll', range: '*', hasData: false }
12 silly mapToRegistry name jekyll
13 silly mapToRegistry using default registry
14 silly mapToRegistry registry https://registry.npmjs.org/
15 silly mapToRegistry uri https://registry.npmjs.org/jekyll
16 verbose addNameRange registry:https://registry.npmjs.org/jekyll not in flight; fetching
17 verbose request uri https://registry.npmjs.org/jekyll
18 verbose request no auth needed
19 info attempt registry request try #1 at 13:17:04
20 verbose request id d13edd9e8800f4f4
21 http request GET https://registry.npmjs.org/jekyll
22 http 200 https://registry.npmjs.org/jekyll
23 silly get cb [ 200,
23 silly get   { server: 'CouchDB/1.5.0 (Erlang OTP/R16B03)',
23 silly get     etag: '"7TI8NE43ADTNKKRJPAIORF1O7"',
23 silly get     'content-type': 'application/json',
23 silly get     'cache-control': 'max-age=60',
23 silly get     'content-length': '4415',
23 silly get     'accept-ranges': 'bytes',
23 silly get     date: 'Sun, 26 Jul 2015 12:17:07 GMT',
23 silly get     via: '1.1 varnish',
23 silly get     age: '29',
23 silly get     connection: 'keep-alive',
23 silly get     'x-served-by': 'cache-ams4148-AMS',
23 silly get     'x-cache': 'HIT',
23 silly get     'x-cache-hits': '1',
23 silly get     'x-timer': 'S1437913027.775488,VS0,VE0',
23 silly get     vary: 'Accept' } ]
24 verbose get saving jekyll to C:\Users\Nikita\AppData\Roaming\npm-cache\registry.npmjs.org\jekyll\.cache.json
25 silly addNameRange number 2 { name: 'jekyll', range: '*', hasData: true }
26 silly addNameRange versions [ 'jekyll', [ '3.0.0-beta1' ] ]
27 verbose stack Error: No compatible version found: jekyll@'*'
27 verbose stack Valid install targets:
27 verbose stack ["3.0.0-beta1"]
27 verbose stack
27 verbose stack     at installTargetsError (C:\Program Files\nodejs\node_modules\npm\lib\cache\add-named.js:274:12)
27 verbose stack     at next (C:\Program Files\nodejs\node_modules\npm\lib\cache\add-named.js:253:17)
27 verbose stack     at setData (C:\Program Files\nodejs\node_modules\npm\lib\cache\add-named.js:230:5)
27 verbose stack     at RES (C:\Program Files\nodejs\node_modules\npm\node_modules\inflight\inflight.js:23:14)
27 verbose stack     at f (C:\Program Files\nodejs\node_modules\npm\node_modules\once\once.js:17:25)
27 verbose stack     at fixName (C:\Program Files\nodejs\node_modules\npm\lib\cache\add-named.js:29:5)
27 verbose stack     at saved (C:\Program Files\nodejs\node_modules\npm\lib\cache\caching-client.js:173:7)
27 verbose stack     at FSReqWrap.oncomplete (fs.js:95:15)
28 verbose cwd D:\Bibliotecas\Documentos\Desarrollo\Mis proyectos\nickseagull.github.io
29 error Windows_NT 6.3.9600
30 error argv "C:\\Program Files\\nodejs\\\\node.exe" "C:\\Program Files\\nodejs\\node_modules\\npm\\bin\\npm-cli.js" "install" "jekyll" "-g"
31 error node v0.12.7
32 error npm  v2.11.3
33 error code ETARGET
34 error notarget No compatible version found: jekyll@'*'
34 error notarget Valid install targets:
34 error notarget ["3.0.0-beta1"]
34 error notarget
34 error notarget This is most likely not a problem with npm itself.
34 error notarget In most cases you or one of your dependencies are requesting
34 error notarget a package version that doesn't exist.
35 verbose exit [ 1, true ]
